<?xml version="1.0" encoding="UTF-8"?>
<testsuite xmlns:xsi="http://www.w3.org/2001/XMLSchema-instance" xsi:schemaLocation="https://maven.apache.org/surefire/maven-surefire-plugin/xsd/surefire-test-report.xsd" name="TestSuite" time="156.684" tests="57" errors="0" skipped="0" failures="0">
  <properties>
    <property name="java.vendor" value="Oracle Corporation"/>
    <property name="JOB_NAME" value="Hackathon"/>
    <property name="RUN_TESTS_DISPLAY_URL" value="http://localhost:8080/job/Hackathon/2/display/redirect?page=tests"/>
    <property name="sun.java.launcher" value="SUN_STANDARD"/>
    <property name="NUMBER_OF_PROCESSORS" value="2"/>
    <property name="sun.management.compiler" value="HotSpot 64-Bit Tiered Compilers"/>
    <property name="JENKINS_HOME" value="C:\ProgramData\Jenkins\.jenkins"/>
    <property name="HUDSON_SERVER_COOKIE" value="2e0d4b0f6c17cd43"/>
    <property name="POM_ARTIFACTID" value="InterestAmountForCurrentYear-EMICalculator"/>
    <property name="os.name" value="Windows 10"/>
    <property name="sun.boot.class.path" value="C:\Program Files\Java\jdk1.8.0_321\jre\lib\resources.jar;C:\Program Files\Java\jdk1.8.0_321\jre\lib\rt.jar;C:\Program Files\Java\jdk1.8.0_321\jre\lib\sunrsasign.jar;C:\Program Files\Java\jdk1.8.0_321\jre\lib\jsse.jar;C:\Program Files\Java\jdk1.8.0_321\jre\lib\jce.jar;C:\Program Files\Java\jdk1.8.0_321\jre\lib\charsets.jar;C:\Program Files\Java\jdk1.8.0_321\jre\lib\jfr.jar;C:\Program Files\Java\jdk1.8.0_321\jre\classes"/>
    <property name="EXECUTOR_NUMBER" value="1"/>
    <property name="sun.desktop" value="windows"/>
    <property name="PATHEXT" value=".COM;.EXE;.BAT;.CMD;.VBS;.VBE;.JS;.JSE;.WSF;.WSH;.MSC"/>
    <property name="java.vm.specification.vendor" value="Oracle Corporation"/>
    <property name="POM_DISPLAYNAME" value="InterestAmountForCurrentYear-EMICalculator"/>
    <property name="NODE_LABELS" value="built-in"/>
    <property name="TEMP" value="C:\WINDOWS\TEMP"/>
    <property name="java.runtime.version" value="1.8.0_321-b07"/>
    <property name="WINSW_SERVICE_ID" value="jenkins"/>
    <property name="user.name" value="DESKTOP-N15MI43$"/>
    <property name="guice.disable.misplaced.annotation.check" value="true"/>
    <property name="CommonProgramW6432" value="C:\Program Files\Common Files"/>
    <property name="ProgramFiles" value="C:\Program Files"/>
    <property name="user.language" value="en"/>
    <property name="JOB_BASE_NAME" value="Hackathon"/>
    <property name="RUN_CHANGES_DISPLAY_URL" value="http://localhost:8080/job/Hackathon/2/display/redirect?page=changes"/>
    <property name="BUILD_DISPLAY_NAME" value="#2"/>
    <property name="OneDrive" value="C:\WINDOWS\system32\config\systemprofile\OneDrive"/>
    <property name="sun.boot.library.path" value="C:\Program Files\Java\jdk1.8.0_321\jre\bin"/>
    <property name="LOCALAPPDATA" value="C:\WINDOWS\system32\config\systemprofile\AppData\Local"/>
    <property name="java.version" value="1.8.0_321"/>
    <property name="PROCESSOR_LEVEL" value="6"/>
    <property name="user.timezone" value="Asia/Calcutta"/>
    <property name="USERNAME" value="DESKTOP-N15MI43$"/>
    <property name="sun.arch.data.model" value="64"/>
    <property name="NODE_NAME" value="built-in"/>
    <property name="java.endorsed.dirs" value="C:\Program Files\Java\jdk1.8.0_321\jre\lib\endorsed"/>
    <property name="BUILD_ID" value="2"/>
    <property name="sun.cpu.isalist" value="amd64"/>
    <property name="sun.jnu.encoding" value="Cp1252"/>
    <property name="file.encoding.pkg" value="sun.io"/>
    <property name="file.separator" value="\"/>
    <property name="java.specification.name" value="Java Platform API Specification"/>
    <property name="maven.conf" value="C:\ProgramData\Jenkins\.jenkins\tools\hudson.tasks.Maven_MavenInstallation\testinterest\conf"/>
    <property name="java.class.version" value="52.0"/>
    <property name="org.slf4j.simpleLogger.defaultLogLevel" value="info"/>
    <property name="user.country" value="US"/>
    <property name="ALLUSERSPROFILE" value="C:\ProgramData"/>
    <property name="java.home" value="C:\Program Files\Java\jdk1.8.0_321\jre"/>
    <property name="java.vm.info" value="mixed mode"/>
    <property name="os.version" value="10.0"/>
    <property name="RUN_DISPLAY_URL" value="http://localhost:8080/job/Hackathon/2/display/redirect"/>
    <property name="POM_VERSION" value="0.0.1-SNAPSHOT"/>
    <property name="TMP" value="C:\WINDOWS\TEMP"/>
    <property name="RUN_ARTIFACTS_DISPLAY_URL" value="http://localhost:8080/job/Hackathon/2/display/redirect?page=artifacts"/>
    <property name="path.separator" value=";"/>
    <property name="java.vm.version" value="25.321-b07"/>
    <property name="user.variant" value=""/>
    <property name="JOB_DISPLAY_URL" value="http://localhost:8080/job/Hackathon/display/redirect"/>
    <property name="CADOE_LIBDIR202" value="D:\ANSYS Inc\ANSYS Student\v202\CommonFiles\Language\en-us"/>
    <property name="CommonProgramFiles(x86)" value="C:\Program Files (x86)\Common Files"/>
    <property name="java.awt.printerjob" value="sun.awt.windows.WPrinterJob"/>
    <property name="JAVA_HOME" value="C:\Program Files\Java\jdk1.8.0_321\"/>
    <property name="sun.io.unicode.encoding" value="UnicodeLittle"/>
    <property name="CommonProgramFiles" value="C:\Program Files\Common Files"/>
    <property name="ComSpec" value="C:\WINDOWS\system32\cmd.exe"/>
    <property name="awt.toolkit" value="sun.awt.windows.WToolkit"/>
    <property name="POM_PACKAGING" value="jar"/>
    <property name="user.script" value=""/>
    <property name="SERVICE_ID" value="jenkins"/>
    <property name="COMPUTERNAME" value="DESKTOP-N15MI43"/>
    <property name="POM_GROUPID" value="Group6"/>
    <property name="user.home" value="C:\WINDOWS\system32\config\systemprofile"/>
    <property name="PUBLIC" value="C:\Users\Public"/>
    <property name="BUILD_TAG" value="jenkins-Hackathon-2"/>
    <property name="JENKINS_SERVER_COOKIE" value="2e0d4b0f6c17cd43"/>
    <property name="P_SCHEMA" value="D:\ANSYS Inc\ANSYS Student\v202\AISOL\CADIntegration\Parasolid\PSchema"/>
    <property name="HUDSON_URL" value="http://localhost:8080/"/>
    <property name="ProgramData" value="C:\ProgramData"/>
    <property name="java.specification.vendor" value="Oracle Corporation"/>
    <property name="USERPROFILE" value="C:\WINDOWS\system32\config\systemprofile"/>
    <property name="CLASSPATH" value=""/>
    <property name="java.vendor.url" value="http://java.oracle.com/"/>
    <property name="java.library.path" value="C:\Program Files\Java\jdk1.8.0_321\bin;C:\WINDOWS\Sun\Java\bin;C:\WINDOWS\system32;C:\WINDOWS;C:\ProgramData\Jenkins\.jenkins\tools\hudson.tasks.Maven_MavenInstallation\testinterest/bin;C:\Program Files\Common Files\Oracle\Java\javapath;C:\Program Files (x86)\Intel\TXE Components\iCLS\;C:\Program Files\Intel\TXE Components\iCLS\;C:\WINDOWS\system32;C:\WINDOWS;C:\WINDOWS\System32\Wbem;C:\WINDOWS\System32\WindowsPowerShell\v1.0\;C:\Program Files\Intel\TXE Components\DAL\;C:\Program Files (x86)\Intel\TXE Components\DAL\;C:\Program Files\Intel\TXE Components\IPT\;C:\Program Files (x86)\Intel\TXE Components\IPT\;C:\Program Files\Intel\WiFi\bin\;C:\Program Files\Common Files\Intel\WirelessCommon\;C:\Program Files\Java\jdk-17.0.1\bin;C:\Program Files\apache-maven-3.8.4-bin\apache-maven-3.8.4\bin;C:\Program Files\Java\jdk-17.0.1\bin;C:\Program Files (x86)\Common Files\Oracle\Java\javapath;C:\Program Files\Java\jdk1.8.0_321\bin;C:\WINDOWS\system32\config\systemprofile\AppData\Local\Microsoft\WindowsApps;."/>
    <property name="java.vm.vendor" value="Oracle Corporation"/>
    <property name="APPDATA" value="C:\WINDOWS\system32\config\systemprofile\AppData\Roaming"/>
    <property name="java.runtime.name" value="Java(TM) SE Runtime Environment"/>
    <property name="maven.home" value="C:\ProgramData\Jenkins\.jenkins\tools\hudson.tasks.Maven_MavenInstallation\testinterest"/>
    <property name="java.class.path" value="C:\ProgramData\Jenkins\.jenkins\plugins\maven-plugin\WEB-INF\lib\maven35-agent-1.13.jar;C:\ProgramData\Jenkins\.jenkins\tools\hudson.tasks.Maven_MavenInstallation\testinterest\boot\plexus-classworlds-2.6.0.jar;C:\ProgramData\Jenkins\.jenkins\tools\hudson.tasks.Maven_MavenInstallation\testinterest/conf/logging"/>
    <property name="sun.java.command" value="jenkins.maven3.agent.Maven35Main C:\ProgramData\Jenkins\.jenkins\tools\hudson.tasks.Maven_MavenInstallation\testinterest C:\ProgramData\Jenkins\war\WEB-INF\lib\remoting-4.11.2.jar C:\ProgramData\Jenkins\.jenkins\plugins\maven-plugin\WEB-INF\lib\maven35-interceptor-1.13.jar C:\ProgramData\Jenkins\.jenkins\plugins\maven-plugin\WEB-INF\lib\maven3-interceptor-commons-1.13.jar 54928"/>
    <property name="Path" value="C:\Program Files\Common Files\Oracle\Java\javapath;C:\Program Files (x86)\Intel\TXE Components\iCLS\;C:\Program Files\Intel\TXE Components\iCLS\;C:\WINDOWS\system32;C:\WINDOWS;C:\WINDOWS\System32\Wbem;C:\WINDOWS\System32\WindowsPowerShell\v1.0\;C:\Program Files\Intel\TXE Components\DAL\;C:\Program Files (x86)\Intel\TXE Components\DAL\;C:\Program Files\Intel\TXE Components\IPT\;C:\Program Files (x86)\Intel\TXE Components\IPT\;C:\Program Files\Intel\WiFi\bin\;C:\Program Files\Common Files\Intel\WirelessCommon\;C:\Program Files\Java\jdk-17.0.1\bin;C:\Program Files\apache-maven-3.8.4-bin\apache-maven-3.8.4\bin;C:\Program Files\Java\jdk-17.0.1\bin;C:\Program Files (x86)\Common Files\Oracle\Java\javapath;C:\Program Files\Java\jdk1.8.0_321\bin;C:\WINDOWS\system32\config\systemprofile\AppData\Local\Microsoft\WindowsApps"/>
    <property name="java.vm.specification.name" value="Java Virtual Machine Specification"/>
    <property name="PROCESSOR_ARCHITECTURE" value="AMD64"/>
    <property name="jansi.mode" value="strip"/>
    <property name="PROCESSOR_IDENTIFIER" value="Intel64 Family 6 Model 92 Stepping 9, GenuineIntel"/>
    <property name="java.vm.specification.version" value="1.8"/>
    <property name="ANSYS_SYSDIR" value="winx64"/>
    <property name="sun.os.patch.level" value=""/>
    <property name="sun.cpu.endian" value="little"/>
    <property name="M2_HOME" value="C:\ProgramData\Jenkins\.jenkins\tools\hudson.tasks.Maven_MavenInstallation\testinterest"/>
    <property name="java.io.tmpdir" value="C:\WINDOWS\TEMP\"/>
    <property name="CI" value="true"/>
    <property name="OS" value="Windows_NT"/>
    <property name="HUDSON_HOME" value="C:\ProgramData\Jenkins\.jenkins"/>
    <property name="PATH+MAVEN" value="C:\ProgramData\Jenkins\.jenkins\tools\hudson.tasks.Maven_MavenInstallation\testinterest/bin"/>
    <property name="ProgramFiles(x86)" value="C:\Program Files (x86)"/>
    <property name="BUILD_URL" value="http://localhost:8080/job/Hackathon/2/"/>
    <property name="java.vendor.url.bug" value="http://bugreport.sun.com/bugreport/"/>
    <property name="java.awt.graphicsenv" value="sun.awt.Win32GraphicsEnvironment"/>
    <property name="os.arch" value="amd64"/>
    <property name="SystemRoot" value="C:\WINDOWS"/>
    <property name="java.ext.dirs" value="C:\Program Files\Java\jdk1.8.0_321\jre\lib\ext;C:\WINDOWS\Sun\Java\lib\ext"/>
    <property name="user.dir" value="D:\Hackathon project\Hackathon project\InterestAmountForCurrentYear-EMICalculator"/>
    <property name="JOB_URL" value="http://localhost:8080/job/Hackathon/"/>
    <property name="USERDOMAIN" value="WORKGROUP"/>
    <property name="line.separator" value="&#10;"/>
    <property name="MAVEN_HOME" value="C:\ProgramData\Jenkins\.jenkins\tools\hudson.tasks.Maven_MavenInstallation\testinterest"/>
    <property name="java.vm.name" value="Java HotSpot(TM) 64-Bit Server VM"/>
    <property name="BUILD_NUMBER" value="2"/>
    <property name="BASE" value="C:\Program Files\Jenkins"/>
    <property name="LSTC_LICENSE" value="ANSYS"/>
    <property name="JENKINS_URL" value="http://localhost:8080/"/>
    <property name="PROCESSOR_REVISION" value="5c09"/>
    <property name="ProgramW6432" value="C:\Program Files"/>
    <property name="AWP_ROOT202" value="D:\ANSYS Inc\ANSYS Student\v202"/>
    <property name="windir" value="C:\WINDOWS"/>
    <property name="file.encoding" value="Cp1252"/>
    <property name="SystemDrive" value="C:"/>
    <property name="maven3.interceptor" value="C:\ProgramData\Jenkins\.jenkins\plugins\maven-plugin\WEB-INF\lib\maven35-interceptor-1.13.jar"/>
    <property name="WORKSPACE_TMP" value="C:\ProgramData\Jenkins\.jenkins\workspace\Hackathon@tmp"/>
    <property name="WORKSPACE" value="C:\ProgramData\Jenkins\.jenkins\workspace\Hackathon"/>
    <property name="maven3.interceptor.common" value="C:\ProgramData\Jenkins\.jenkins\plugins\maven-plugin\WEB-INF\lib\maven3-interceptor-commons-1.13.jar"/>
    <property name="WINSW_EXECUTABLE" value="C:\Program Files\Jenkins\jenkins.exe"/>
    <property name="ANSYS202_DIR" value="D:\ANSYS Inc\ANSYS Student\v202\ANSYS"/>
    <property name="java.specification.version" value="1.8"/>
    <property name="PSModulePath" value="C:\Program Files\WindowsPowerShell\Modules;C:\WINDOWS\system32\WindowsPowerShell\v1.0\Modules"/>
  </properties>
  <testcase name="openBrowsertestCase" classname="com.InterestAmount.Testcases.CarLoanTestCases" time="17.211"/>
  <testcase name="carEMIFormtestCase" classname="com.InterestAmount.Testcases.CarLoanTestCases" time="7.425"/>
  <testcase name="getdatatestcase" classname="com.InterestAmount.Testcases.CarLoanTestCases" time="3.912"/>
  <testcase name="closetestcase" classname="com.InterestAmount.Testcases.CarLoanTestCases" time="0.832"/>
  <testcase name="endReportestcase" classname="com.InterestAmount.Testcases.CarLoanTestCases" time="1.307"/>
  <testcase name="testopenBrowser" classname="com.InterestAmount.Testcases.HomeLoanCalculatorTestCases" time="9.337"/>
  <testcase name="testHomeEmi" classname="com.InterestAmount.Testcases.HomeLoanCalculatorTestCases" time="10.807"/>
  <testcase name="testdataexport" classname="com.InterestAmount.Testcases.HomeLoanCalculatorTestCases" time="12.411"/>
  <testcase name="close" classname="com.InterestAmount.Testcases.HomeLoanCalculatorTestCases" time="2.465"/>
  <testcase name="endReport" classname="com.InterestAmount.Testcases.HomeLoanCalculatorTestCases" time="0.318"/>
  <testcase name="testopenBrowsertestCase" classname="com.InterestAmount.Testcases.LoanEMIUICheckTestCases" time="10.002"/>
  <testcase name="testloanemicalcnavigate" classname="com.InterestAmount.Testcases.LoanEMIUICheckTestCases" time="5.584"/>
  <testcase name="testfeechargesslider" classname="com.InterestAmount.Testcases.LoanEMIUICheckTestCases" time="0.912"/>
  <testcase name="testfeechargestextbox" classname="com.InterestAmount.Testcases.LoanEMIUICheckTestCases" time="0.552"/>
  <testcase name="testfeeslidercheck" classname="com.InterestAmount.Testcases.LoanEMIUICheckTestCases" time="1.496"/>
  <testcase name="testinterestrateslider" classname="com.InterestAmount.Testcases.LoanEMIUICheckTestCases" time="0.536"/>
  <testcase name="testinterestrateslidercheck" classname="com.InterestAmount.Testcases.LoanEMIUICheckTestCases" time="1.544"/>
  <testcase name="testinterestratetextbox" classname="com.InterestAmount.Testcases.LoanEMIUICheckTestCases" time="0.576"/>
  <testcase name="testloanamtslider" classname="com.InterestAmount.Testcases.LoanEMIUICheckTestCases" time="0.376"/>
  <testcase name="testloanamtslidercheck" classname="com.InterestAmount.Testcases.LoanEMIUICheckTestCases" time="0.816"/>
  <testcase name="testloanamttextbox" classname="com.InterestAmount.Testcases.LoanEMIUICheckTestCases" time="1.288"/>
  <testcase name="testloantermslider" classname="com.InterestAmount.Testcases.LoanEMIUICheckTestCases" time="0.448"/>
  <testcase name="testloantermslidercheck" classname="com.InterestAmount.Testcases.LoanEMIUICheckTestCases" time="1.45"/>
  <testcase name="testloantermtextbox" classname="com.InterestAmount.Testcases.LoanEMIUICheckTestCases" time="0.866"/>
  <testcase name="close" classname="com.InterestAmount.Testcases.LoanEMIUICheckTestCases" time="2.606"/>
  <testcase name="endReport" classname="com.InterestAmount.Testcases.LoanEMIUICheckTestCases" time="0.193"/>
  <testcase name="testloancalcnavigate" classname="com.InterestAmount.Testcases.LoanAmountCalculatorUICheckTestcases" time="6.608"/>
  <testcase name="TestFeeChargeSliderCheck" classname="com.InterestAmount.Testcases.LoanAmountCalculatorUICheckTestcases" time="1.264"/>
  <testcase name="TestFeechargesSlider" classname="com.InterestAmount.Testcases.LoanAmountCalculatorUICheckTestcases" time="1.032"/>
  <testcase name="TestFeechargesTextbox" classname="com.InterestAmount.Testcases.LoanAmountCalculatorUICheckTestcases" time="0.552"/>
  <testcase name="TestLoanTenureSlidercheck" classname="com.InterestAmount.Testcases.LoanAmountCalculatorUICheckTestcases" time="0.81"/>
  <testcase name="testEMIslider" classname="com.InterestAmount.Testcases.LoanAmountCalculatorUICheckTestcases" time="0.656"/>
  <testcase name="testEMIslidercheck" classname="com.InterestAmount.Testcases.LoanAmountCalculatorUICheckTestcases" time="0.896"/>
  <testcase name="testEMItextbox" classname="com.InterestAmount.Testcases.LoanAmountCalculatorUICheckTestcases" time="0.968"/>
  <testcase name="testinterestrateslider" classname="com.InterestAmount.Testcases.LoanAmountCalculatorUICheckTestcases" time="0.52"/>
  <testcase name="testinterestrateslidercheck" classname="com.InterestAmount.Testcases.LoanAmountCalculatorUICheckTestcases" time="1.56"/>
  <testcase name="testinterestratetextbox" classname="com.InterestAmount.Testcases.LoanAmountCalculatorUICheckTestcases" time="0.677"/>
  <testcase name="testloantermslider" classname="com.InterestAmount.Testcases.LoanAmountCalculatorUICheckTestcases" time="0.237"/>
  <testcase name="testloantermtextbox" classname="com.InterestAmount.Testcases.LoanAmountCalculatorUICheckTestcases" time="0.272"/>
  <testcase name="close" classname="com.InterestAmount.Testcases.LoanAmountCalculatorUICheckTestcases" time="0.152"/>
  <testcase name="endReport" classname="com.InterestAmount.Testcases.LoanAmountCalculatorUICheckTestcases" time="0.292"/>
  <testcase name="openBrowsertestCase" classname="com.InterestAmount.Testcases.LoanTenureCalculatorUICheckTestCases" time="9.509"/>
  <testcase name="testloanTenurenavigate" classname="com.InterestAmount.Testcases.LoanTenureCalculatorUICheckTestCases" time="9.792"/>
  <testcase name="testEMItextbox" classname="com.InterestAmount.Testcases.LoanTenureCalculatorUICheckTestCases" time="0.403"/>
  <testcase name="testemislider" classname="com.InterestAmount.Testcases.LoanTenureCalculatorUICheckTestCases" time="0.288"/>
  <testcase name="testemislidercheck" classname="com.InterestAmount.Testcases.LoanTenureCalculatorUICheckTestCases" time="1.368"/>
  <testcase name="testfeechargesslider" classname="com.InterestAmount.Testcases.LoanTenureCalculatorUICheckTestCases" time="0.647"/>
  <testcase name="testfeechargestextbox" classname="com.InterestAmount.Testcases.LoanTenureCalculatorUICheckTestCases" time="0.377"/>
  <testcase name="testfeeslidercheck" classname="com.InterestAmount.Testcases.LoanTenureCalculatorUICheckTestCases" time="1.107"/>
  <testcase name="testinterestRatetextbox" classname="com.InterestAmount.Testcases.LoanTenureCalculatorUICheckTestCases" time="0.433"/>
  <testcase name="testloanAmountslider" classname="com.InterestAmount.Testcases.LoanTenureCalculatorUICheckTestCases" time="0.364"/>
  <testcase name="testloanAmountslidercheck" classname="com.InterestAmount.Testcases.LoanTenureCalculatorUICheckTestCases" time="1.493"/>
  <testcase name="testloanAmounttextbox" classname="com.InterestAmount.Testcases.LoanTenureCalculatorUICheckTestCases" time="0.899"/>
  <testcase name="testloantermslider" classname="com.InterestAmount.Testcases.LoanTenureCalculatorUICheckTestCases" time="0.288"/>
  <testcase name="testloantermslidercheck" classname="com.InterestAmount.Testcases.LoanTenureCalculatorUICheckTestCases" time="1.616"/>
  <testcase name="testclose" classname="com.InterestAmount.Testcases.LoanTenureCalculatorUICheckTestCases" time="0.376"/>
  <testcase name="testendReport" classname="com.InterestAmount.Testcases.LoanTenureCalculatorUICheckTestCases" time="0.24"/>
</testsuite>