<?xml version="1.0" encoding="UTF-8"?>
<!-- Generated by org.testng.reporters.JUnitReportReporter -->
<testsuite hostname="DESKTOP-N15MI43" failures="0" tests="5" name="com.InterestAmount.Testcases.CarLoanTestCases" time="19.000" errors="0" timestamp="2022-02-08T17:15:21 IST" skipped="0">
  <testcase classname="com.InterestAmount.Testcases.CarLoanTestCases" name="openBrowsertestCase" time="9.209"/>
  <system-out/>
  <testcase classname="com.InterestAmount.Testcases.CarLoanTestCases" name="carEMIFormtestCase" time="4.135"/>
  <system-out/>
  <testcase classname="com.InterestAmount.Testcases.CarLoanTestCases" name="getdatatestcase" time="2.759"/>
  <system-out/>
  <testcase classname="com.InterestAmount.Testcases.CarLoanTestCases" name="closetestcase" time="2.571"/>
  <system-out/>
  <testcase classname="com.InterestAmount.Testcases.CarLoanTestCases" name="endReportestcase" time="0.326"/>
  <system-out/>
</testsuite> <!-- com.InterestAmount.Testcases.CarLoanTestCases -->
