<?xml version="1.0" encoding="UTF-8"?>
<!-- Generated by org.testng.reporters.JUnitReportReporter -->
<testsuite hostname="DESKTOP-N15MI43" failures="0" tests="5" name="com.InterestAmount.Testcases.HomeLoanCalculatorTestCases" time="24.639" errors="0" timestamp="2022-02-08T17:15:21 IST" skipped="0">
  <testcase classname="com.InterestAmount.Testcases.HomeLoanCalculatorTestCases" name="testopenBrowser" time="9.303"/>
  <system-out/>
  <testcase classname="com.InterestAmount.Testcases.HomeLoanCalculatorTestCases" name="testHomeEmi" time="4.349"/>
  <system-out/>
  <testcase classname="com.InterestAmount.Testcases.HomeLoanCalculatorTestCases" name="testdataexport" time="8.397"/>
  <system-out/>
  <testcase classname="com.InterestAmount.Testcases.HomeLoanCalculatorTestCases" name="close" time="2.371"/>
  <system-out/>
  <testcase classname="com.InterestAmount.Testcases.HomeLoanCalculatorTestCases" name="endReport" time="0.219"/>
  <system-out/>
</testsuite> <!-- com.InterestAmount.Testcases.HomeLoanCalculatorTestCases -->
