<?xml version="1.0" encoding="UTF-8"?>
<!-- Generated by org.testng.reporters.JUnitReportReporter -->
<testsuite skipped="0" hostname="DESKTOP-N15MI43" name="com.InterestAmount.Testcases.LoanAmountCalculatorUICheckTestcases" tests="15" failures="0" timestamp="2022-02-08T22:25:42 IST" time="16.512" errors="0">
  <testcase name="testloancalcnavigate" time="6.616" classname="com.InterestAmount.Testcases.LoanAmountCalculatorUICheckTestcases"/>
  <system-out/>
  <testcase name="TestFeechargesTextbox" time="0.552" classname="com.InterestAmount.Testcases.LoanAmountCalculatorUICheckTestcases"/>
  <system-out/>
  <testcase name="testloantermslider" time="0.237" classname="com.InterestAmount.Testcases.LoanAmountCalculatorUICheckTestcases"/>
  <system-out/>
  <testcase name="testinterestrateslider" time="0.512" classname="com.InterestAmount.Testcases.LoanAmountCalculatorUICheckTestcases"/>
  <system-out/>
  <testcase name="testEMIslidercheck" time="0.888" classname="com.InterestAmount.Testcases.LoanAmountCalculatorUICheckTestcases"/>
  <system-out/>
  <testcase name="testinterestrateslidercheck" time="1.560" classname="com.InterestAmount.Testcases.LoanAmountCalculatorUICheckTestcases"/>
  <system-out/>
  <testcase name="TestLoanTenureSlidercheck" time="0.818" classname="com.InterestAmount.Testcases.LoanAmountCalculatorUICheckTestcases"/>
  <system-out/>
  <testcase name="TestFeeChargeSliderCheck" time="1.264" classname="com.InterestAmount.Testcases.LoanAmountCalculatorUICheckTestcases"/>
  <system-out/>
  <testcase name="testEMIslider" time="0.664" classname="com.InterestAmount.Testcases.LoanAmountCalculatorUICheckTestcases"/>
  <system-out/>
  <testcase name="testloantermtextbox" time="0.280" classname="com.InterestAmount.Testcases.LoanAmountCalculatorUICheckTestcases"/>
  <system-out/>
  <testcase name="TestFeechargesSlider" time="1.032" classname="com.InterestAmount.Testcases.LoanAmountCalculatorUICheckTestcases"/>
  <system-out/>
  <testcase name="testEMItextbox" time="0.968" classname="com.InterestAmount.Testcases.LoanAmountCalculatorUICheckTestcases"/>
  <system-out/>
  <testcase name="testinterestratetextbox" time="0.677" classname="com.InterestAmount.Testcases.LoanAmountCalculatorUICheckTestcases"/>
  <system-out/>
  <testcase name="close" time="0.152" classname="com.InterestAmount.Testcases.LoanAmountCalculatorUICheckTestcases"/>
  <system-out/>
  <testcase name="endReport" time="0.292" classname="com.InterestAmount.Testcases.LoanAmountCalculatorUICheckTestcases"/>
  <system-out/>
</testsuite> <!-- com.InterestAmount.Testcases.LoanAmountCalculatorUICheckTestcases -->
