<?xml version="1.0" encoding="UTF-8"?>
<!-- Generated by org.testng.reporters.JUnitReportReporter -->
<testsuite skipped="0" hostname="DESKTOP-N15MI43" name="com.InterestAmount.Testcases.HomeLoanCalculatorTestCases" tests="5" failures="0" timestamp="2022-02-08T22:25:42 IST" time="35.354" errors="0">
  <testcase name="testopenBrowser" time="9.361" classname="com.InterestAmount.Testcases.HomeLoanCalculatorTestCases"/>
  <system-out/>
  <testcase name="testHomeEmi" time="10.806" classname="com.InterestAmount.Testcases.HomeLoanCalculatorTestCases"/>
  <system-out/>
  <testcase name="testdataexport" time="12.412" classname="com.InterestAmount.Testcases.HomeLoanCalculatorTestCases"/>
  <system-out/>
  <testcase name="close" time="2.393" classname="com.InterestAmount.Testcases.HomeLoanCalculatorTestCases"/>
  <system-out/>
  <testcase name="endReport" time="0.382" classname="com.InterestAmount.Testcases.HomeLoanCalculatorTestCases"/>
  <system-out/>
</testsuite> <!-- com.InterestAmount.Testcases.HomeLoanCalculatorTestCases -->
