<?xml version="1.0" encoding="UTF-8"?>
<!-- Generated by org.testng.reporters.JUnitReportReporter -->
<testsuite skipped="0" hostname="DESKTOP-N15MI43" name="com.InterestAmount.Testcases.CarLoanTestCases" tests="5" failures="0" timestamp="2022-02-08T22:25:42 IST" time="30.663" errors="0">
  <testcase name="openBrowsertestCase" time="17.203" classname="com.InterestAmount.Testcases.CarLoanTestCases"/>
  <system-out/>
  <testcase name="carEMIFormtestCase" time="7.433" classname="com.InterestAmount.Testcases.CarLoanTestCases"/>
  <system-out/>
  <testcase name="getdatatestcase" time="3.912" classname="com.InterestAmount.Testcases.CarLoanTestCases"/>
  <system-out/>
  <testcase name="closetestcase" time="0.832" classname="com.InterestAmount.Testcases.CarLoanTestCases"/>
  <system-out/>
  <testcase name="endReportestcase" time="1.283" classname="com.InterestAmount.Testcases.CarLoanTestCases"/>
  <system-out/>
</testsuite> <!-- com.InterestAmount.Testcases.CarLoanTestCases -->
