<?xml version="1.0" encoding="UTF-8"?>
<!-- Generated by org.testng.reporters.JUnitReportReporter -->
<testsuite skipped="0" hostname="DESKTOP-N15MI43" name="com.InterestAmount.Testcases.LoanEMIUICheckTestCases" tests="16" failures="0" timestamp="2022-02-08T22:25:42 IST" time="29.213" errors="0">
  <testcase name="testopenBrowsertestCase" time="10.002" classname="com.InterestAmount.Testcases.LoanEMIUICheckTestCases"/>
  <system-out/>
  <testcase name="testloanemicalcnavigate" time="5.576" classname="com.InterestAmount.Testcases.LoanEMIUICheckTestCases"/>
  <system-out/>
  <testcase name="testfeechargestextbox" time="0.544" classname="com.InterestAmount.Testcases.LoanEMIUICheckTestCases"/>
  <system-out/>
  <testcase name="testinterestratetextbox" time="0.568" classname="com.InterestAmount.Testcases.LoanEMIUICheckTestCases"/>
  <system-out/>
  <testcase name="testinterestrateslidercheck" time="1.536" classname="com.InterestAmount.Testcases.LoanEMIUICheckTestCases"/>
  <system-out/>
  <testcase name="testloanamtslidercheck" time="0.816" classname="com.InterestAmount.Testcases.LoanEMIUICheckTestCases"/>
  <system-out/>
  <testcase name="testfeeslidercheck" time="1.496" classname="com.InterestAmount.Testcases.LoanEMIUICheckTestCases"/>
  <system-out/>
  <testcase name="testloantermtextbox" time="0.874" classname="com.InterestAmount.Testcases.LoanEMIUICheckTestCases"/>
  <system-out/>
  <testcase name="testfeechargesslider" time="0.912" classname="com.InterestAmount.Testcases.LoanEMIUICheckTestCases"/>
  <system-out/>
  <testcase name="testloantermslider" time="0.448" classname="com.InterestAmount.Testcases.LoanEMIUICheckTestCases"/>
  <system-out/>
  <testcase name="testloantermslidercheck" time="1.450" classname="com.InterestAmount.Testcases.LoanEMIUICheckTestCases"/>
  <system-out/>
  <testcase name="testloanamtslider" time="0.376" classname="com.InterestAmount.Testcases.LoanEMIUICheckTestCases"/>
  <system-out/>
  <testcase name="testinterestrateslider" time="0.536" classname="com.InterestAmount.Testcases.LoanEMIUICheckTestCases"/>
  <system-out/>
  <testcase name="testloanamttextbox" time="1.288" classname="com.InterestAmount.Testcases.LoanEMIUICheckTestCases"/>
  <system-out/>
  <testcase name="close" time="2.558" classname="com.InterestAmount.Testcases.LoanEMIUICheckTestCases"/>
  <system-out/>
  <testcase name="endReport" time="0.233" classname="com.InterestAmount.Testcases.LoanEMIUICheckTestCases"/>
  <system-out/>
</testsuite> <!-- com.InterestAmount.Testcases.LoanEMIUICheckTestCases -->
