<?xml version="1.0" encoding="UTF-8"?>
<!-- Generated by org.testng.reporters.JUnitReportReporter -->
<testsuite skipped="0" hostname="DESKTOP-N15MI43" name="com.InterestAmount.Testcases.LoanTenureCalculatorUICheckTestCases" tests="16" failures="0" timestamp="2022-02-08T22:25:42 IST" time="29.144" errors="0">
  <testcase name="openBrowsertestCase" time="9.509" classname="com.InterestAmount.Testcases.LoanTenureCalculatorUICheckTestCases"/>
  <system-out/>
  <testcase name="testloanTenurenavigate" time="9.791" classname="com.InterestAmount.Testcases.LoanTenureCalculatorUICheckTestCases"/>
  <system-out/>
  <testcase name="testloantermslidercheck" time="1.616" classname="com.InterestAmount.Testcases.LoanTenureCalculatorUICheckTestCases"/>
  <system-out/>
  <testcase name="testfeechargestextbox" time="0.377" classname="com.InterestAmount.Testcases.LoanTenureCalculatorUICheckTestCases"/>
  <system-out/>
  <testcase name="testEMItextbox" time="0.403" classname="com.InterestAmount.Testcases.LoanTenureCalculatorUICheckTestCases"/>
  <system-out/>
  <testcase name="testinterestRatetextbox" time="0.439" classname="com.InterestAmount.Testcases.LoanTenureCalculatorUICheckTestCases"/>
  <system-out/>
  <testcase name="testemislidercheck" time="1.369" classname="com.InterestAmount.Testcases.LoanTenureCalculatorUICheckTestCases"/>
  <system-out/>
  <testcase name="testfeechargesslider" time="0.648" classname="com.InterestAmount.Testcases.LoanTenureCalculatorUICheckTestCases"/>
  <system-out/>
  <testcase name="testloanAmountslidercheck" time="1.486" classname="com.InterestAmount.Testcases.LoanTenureCalculatorUICheckTestCases"/>
  <system-out/>
  <testcase name="testemislider" time="0.285" classname="com.InterestAmount.Testcases.LoanTenureCalculatorUICheckTestCases"/>
  <system-out/>
  <testcase name="testloanAmounttextbox" time="0.899" classname="com.InterestAmount.Testcases.LoanTenureCalculatorUICheckTestCases"/>
  <system-out/>
  <testcase name="testloanAmountslider" time="0.363" classname="com.InterestAmount.Testcases.LoanTenureCalculatorUICheckTestCases"/>
  <system-out/>
  <testcase name="testfeeslidercheck" time="1.095" classname="com.InterestAmount.Testcases.LoanTenureCalculatorUICheckTestCases"/>
  <system-out/>
  <testcase name="testloantermslider" time="0.280" classname="com.InterestAmount.Testcases.LoanTenureCalculatorUICheckTestCases"/>
  <system-out/>
  <testcase name="testclose" time="0.376" classname="com.InterestAmount.Testcases.LoanTenureCalculatorUICheckTestCases"/>
  <system-out/>
  <testcase name="testendReport" time="0.208" classname="com.InterestAmount.Testcases.LoanTenureCalculatorUICheckTestCases"/>
  <system-out/>
</testsuite> <!-- com.InterestAmount.Testcases.LoanTenureCalculatorUICheckTestCases -->
